###############################################################################
#                                                                             #
# IAR C/C++ Compiler V8.10.1.10194/W32 for 8051         20/Jul/2018  14:33:33 #
# Copyright 2004-2011 IAR Systems AB.                                         #
#                                                                             #
#    Core               =  plain                                              #
#    Code model         =  banked                                             #
#    Data model         =  large                                              #
#    Calling convention =  xdata reentrant                                    #
#    Constant location  =  data_rom                                           #
#    Dptr setup         =  1,16                                               #
#    Source file        =  C:\Documents and Settings\new\桌面\复件            #
#                          下位机\协调器\Projects\zstack\Samples\SampleApp\So #
#                          urce\SampleApp.c                                   #
#    Command line       =  -f "C:\Documents and Settings\new\桌面\复件        #
#                          下位机\协调器\Projects\zstack\Samples\SampleApp\CC #
#                          2530DB\..\..\..\Tools\CC2530DB\f8wCoord.cfg"       #
#                          (-DCPU32MHZ -DROOT=__near_func                     #
#                          -DMAC_CFG_APP_PENDING_QUEUE=TRUE                   #
#                          -DMAC_CFG_TX_DATA_MAX=5 -DMAC_CFG_TX_MAX=8         #
#                          -DMAC_CFG_RX_MAX=5 -DZDO_COORDINATOR -DRTR_NWK)    #
#                          -f "C:\Documents and Settings\new\桌面\复件        #
#                          下位机\协调器\Projects\zstack\Samples\SampleApp\CC #
#                          2530DB\..\..\..\Tools\CC2530DB\f8wConfig.cfg"      #
#                          (-DZIGBEEPRO -DSECURE=0 -DZG_SECURE_DYNAMIC=0      #
#                          -DREFLECTOR -DDEFAULT_CHANLIST=0x00004000          #
#                          -DZDAPP_CONFIG_PAN_ID=0xFF04                       #
#                          -DNWK_START_DELAY=100 -DEXTENDED_JOINING_RANDOM_MA #
#                          SK=0x007F -DBEACON_REQUEST_DELAY=100               #
#                          -DBEACON_REQ_DELAY_MASK=0x00FF                     #
#                          -DLINK_STATUS_JITTER_MASK=0x007F                   #
#                          -DROUTE_EXPIRY_TIME=30 -DAPSC_ACK_WAIT_DURATION_PO #
#                          LLED=3000 -DNWK_INDIRECT_MSG_TIMEOUT=7             #
#                          -DMAX_RREQ_ENTRIES=8 -DAPSC_MAX_FRAME_RETRIES=3    #
#                          -DNWK_MAX_DATA_RETRIES=2                           #
#                          -DMAX_POLL_FAILURE_RETRIES=2 -DMAX_BCAST=9         #
#                          -DAPS_MAX_GROUPS=16 -DMAX_RTG_ENTRIES=40           #
#                          -DNWK_MAX_BINDING_ENTRIES=4                        #
#                          -DMAX_BINDING_CLUSTER_IDS=4 "-DDEFAULT_KEY={0x01,  #
#                          0x03, 0x05, 0x07, 0x09, 0x0B, 0x0D, 0x0F, 0x00,    #
#                          0x02, 0x04, 0x06, 0x08, 0x0A, 0x0C, 0x0D}"         #
#                          -DMAC_MAX_FRAME_SIZE=116                           #
#                          -DZDNWKMGR_MIN_TRANSMISSIONS=20 "-DCONST=const     #
#                          __code" -DGENERIC=__generic                        #
#                          -DRFD_RCVC_ALWAYS_ON=FALSE -DPOLL_RATE=1000        #
#                          -DQUEUED_POLL_RATE=100 -DRESPONSE_POLL_RATE=100)   #
#                          -DREJOIN_POLL_RATE=440 "C:\Documents and           #
#                          Settings\new\桌面\复件 下位机\协调器\Projects\zsta #
#                          ck\Samples\SampleApp\Source\SampleApp.c" -D        #
#                          ZTOOL_P1 -D xMT_TASK -D xMT_SYS_FUNC -D            #
#                          xMT_ZDO_FUNC -D LCD_SUPPORTED=DEBUG -lC            #
#                          "C:\Documents and Settings\new\桌面\复件           #
#                          下位机\协调器\Projects\zstack\Samples\SampleApp\CC #
#                          2530DB\CoordinatorEB\List\" -lA "C:\Documents and  #
#                          Settings\new\桌面\复件 下位机\协调器\Projects\zsta #
#                          ck\Samples\SampleApp\CC2530DB\CoordinatorEB\List\" #
#                           --diag_suppress Pe001,Pa010 -o "C:\Documents and  #
#                          Settings\new\桌面\复件 下位机\协调器\Projects\zsta #
#                          ck\Samples\SampleApp\CC2530DB\CoordinatorEB\Obj\"  #
#                          -e --no_code_motion --debug --core=plain           #
#                          --dptr=16,1 --data_model=large                     #
#                          --code_model=banked --calling_convention=xdata_ree #
#                          ntrant --place_constants=data_rom                  #
#                          --nr_virtual_regs 16 -I "C:\Documents and          #
#                          Settings\new\桌面\复件 下位机\协调器\Projects\zsta #
#                          ck\Samples\SampleApp\CC2530DB\" -I "C:\Documents   #
#                          and Settings\new\桌面\复件                         #
#                          下位机\协调器\Projects\zstack\Samples\SampleApp\CC #
#                          2530DB\..\Source\" -I "C:\Documents and            #
#                          Settings\new\桌面\复件 下位机\协调器\Projects\zsta #
#                          ck\Samples\SampleApp\CC2530DB\..\..\..\ZMain\TI253 #
#                          0DB\" -I "C:\Documents and Settings\new\桌面\复件  #
#                          下位机\协调器\Projects\zstack\Samples\SampleApp\CC #
#                          2530DB\..\..\..\..\..\Components\hal\include\" -I  #
#                          "C:\Documents and Settings\new\桌面\复件           #
#                          下位机\协调器\Projects\zstack\Samples\SampleApp\CC #
#                          2530DB\..\..\..\..\..\Components\hal\target\CC2530 #
#                          EB\" -I "C:\Documents and Settings\new\桌面\复件   #
#                          下位机\协调器\Projects\zstack\Samples\SampleApp\CC #
#                          2530DB\..\..\..\..\..\Components\mac\include\" -I  #
#                          "C:\Documents and Settings\new\桌面\复件           #
#                          下位机\协调器\Projects\zstack\Samples\SampleApp\CC #
#                          2530DB\..\..\..\..\..\Components\mac\high_level\"  #
#                          -I "C:\Documents and Settings\new\桌面\复件        #
#                          下位机\协调器\Projects\zstack\Samples\SampleApp\CC #
#                          2530DB\..\..\..\..\..\Components\mac\low_level\srf #
#                          04\" -I "C:\Documents and Settings\new\桌面\复件   #
#                          下位机\协调器\Projects\zstack\Samples\SampleApp\CC #
#                          2530DB\..\..\..\..\..\Components\mac\low_level\srf #
#                          04\single_chip\" -I "C:\Documents and              #
#                          Settings\new\桌面\复件 下位机\协调器\Projects\zsta #
#                          ck\Samples\SampleApp\CC2530DB\..\..\..\..\..\Compo #
#                          nents\mt\" -I "C:\Documents and                    #
#                          Settings\new\桌面\复件 下位机\协调器\Projects\zsta #
#                          ck\Samples\SampleApp\CC2530DB\..\..\..\..\..\Compo #
#                          nents\osal\include\" -I "C:\Documents and          #
#                          Settings\new\桌面\复件 下位机\协调器\Projects\zsta #
#                          ck\Samples\SampleApp\CC2530DB\..\..\..\..\..\Compo #
#                          nents\services\saddr\" -I "C:\Documents and        #
#                          Settings\new\桌面\复件 下位机\协调器\Projects\zsta #
#                          ck\Samples\SampleApp\CC2530DB\..\..\..\..\..\Compo #
#                          nents\services\sdata\" -I "C:\Documents and        #
#                          Settings\new\桌面\复件 下位机\协调器\Projects\zsta #
#                          ck\Samples\SampleApp\CC2530DB\..\..\..\..\..\Compo #
#                          nents\stack\af\" -I "C:\Documents and              #
#                          Settings\new\桌面\复件 下位机\协调器\Projects\zsta #
#                          ck\Samples\SampleApp\CC2530DB\..\..\..\..\..\Compo #
#                          nents\stack\nwk\" -I "C:\Documents and             #
#                          Settings\new\桌面\复件 下位机\协调器\Projects\zsta #
#                          ck\Samples\SampleApp\CC2530DB\..\..\..\..\..\Compo #
#                          nents\stack\sapi\" -I "C:\Documents and            #
#                          Settings\new\桌面\复件 下位机\协调器\Projects\zsta #
#                          ck\Samples\SampleApp\CC2530DB\..\..\..\..\..\Compo #
#                          nents\stack\sec\" -I "C:\Documents and             #
#                          Settings\new\桌面\复件 下位机\协调器\Projects\zsta #
#                          ck\Samples\SampleApp\CC2530DB\..\..\..\..\..\Compo #
#                          nents\stack\sys\" -I "C:\Documents and             #
#                          Settings\new\桌面\复件 下位机\协调器\Projects\zsta #
#                          ck\Samples\SampleApp\CC2530DB\..\..\..\..\..\Compo #
#                          nents\stack\zdo\" -I "C:\Documents and             #
#                          Settings\new\桌面\复件 下位机\协调器\Projects\zsta #
#                          ck\Samples\SampleApp\CC2530DB\..\..\..\..\..\Compo #
#                          nents\zmac\" -I "C:\Documents and                  #
#                          Settings\new\桌面\复件 下位机\协调器\Projects\zsta #
#                          ck\Samples\SampleApp\CC2530DB\..\..\..\..\..\Compo #
#                          nents\zmac\f8w\" -Ohz --require_prototypes         #
#    List file          =  C:\Documents and Settings\new\桌面\复件            #
#                          下位机\协调器\Projects\zstack\Samples\SampleApp\CC #
#                          2530DB\CoordinatorEB\List\SampleApp.lst            #
#    Object file        =  C:\Documents and Settings\new\桌面\复件            #
#                          下位机\协调器\Projects\zstack\Samples\SampleApp\CC #
#                          2530DB\CoordinatorEB\Obj\SampleApp.r51             #
#                                                                             #
#                                                                             #
###############################################################################

C:\Documents and Settings\new\桌面\复件 下位机\协调器\Projects\zstack\Samples\SampleApp\Source\SampleApp.c
      1          /**************************************************************************************************
      2            Filename:       SampleApp.c
      3            Revised:        $Date: 2009-03-18 15:56:27 -0700 (Wed, 18 Mar 2009) $
      4            Revision:       $Revision: 19453 $
      5          
      6            Description:    Sample Application (no Profile).
      7          
      8          
      9            Copyright 2007 Texas Instruments Incorporated. All rights reserved.
     10          
     11            IMPORTANT: Your use of this Software is limited to those specific rights
     12            granted under the terms of a software license agreement between the user
     13            who downloaded the software, his/her employer (which must be your employer)
     14            and Texas Instruments Incorporated (the "License").  You may not use this
     15            Software unless you agree to abide by the terms of the License. The License
     16            limits your use, and you acknowledge, that the Software may not be modified,
     17            copied or distributed unless embedded on a Texas Instruments microcontroller
     18            or used solely and exclusively in conjunction with a Texas Instruments radio
     19            frequency transceiver, which is integrated into your product.  Other than for
     20            the foregoing purpose, you may not use, reproduce, copy, prepare derivative
     21            works of, modify, distribute, perform, display or sell this Software and/or
     22            its documentation for any purpose.
     23          
     24            YOU FURTHER ACKNOWLEDGE AND AGREE THAT THE SOFTWARE AND DOCUMENTATION ARE
     25            PROVIDED AS IS?WITHOUT WARRANTY OF ANY KIND, EITHER EXPRESS OR IMPLIED,
     26            INCLUDING WITHOUT LIMITATION, ANY WARRANTY OF MERCHANTABILITY, TITLE,
     27            NON-INFRINGEMENT AND FITNESS FOR A PARTICULAR PURPOSE. IN NO EVENT SHALL
     28            TEXAS INSTRUMENTS OR ITS LICENSORS BE LIABLE OR OBLIGATED UNDER CONTRACT,
     29            NEGLIGENCE, STRICT LIABILITY, CONTRIBUTION, BREACH OF WARRANTY, OR OTHER
     30            LEGAL EQUITABLE THEORY ANY DIRECT OR INDIRECT DAMAGES OR EXPENSES
     31            INCLUDING BUT NOT LIMITED TO ANY INCIDENTAL, SPECIAL, INDIRECT, PUNITIVE
     32            OR CONSEQUENTIAL DAMAGES, LOST PROFITS OR LOST DATA, COST OF PROCUREMENT
     33            OF SUBSTITUTE GOODS, TECHNOLOGY, SERVICES, OR ANY CLAIMS BY THIRD PARTIES
     34            (INCLUDING BUT NOT LIMITED TO ANY DEFENSE THEREOF), OR OTHER SIMILAR COSTS.
     35          
     36            Should you have any questions regarding your right to use this Software,
     37            contact Texas Instruments Incorporated at www.TI.com.
     38          **************************************************************************************************/
     39          
     40          /*********************************************************************
     41            This application isn't intended to do anything useful, it is
     42            intended to be a simple example of an application's structure.
     43          
     44            This application sends it's messages either as broadcast or
     45            broadcast filtered group messages.  The other (more normal)
     46            message addressing is unicast.  Most of the other sample
     47            applications are written to support the unicast message model.
     48          
     49            Key control:
     50              SW1:  Sends a flash command to all devices in Group 1.
     51              SW2:  Adds/Removes (toggles) this device in and out
     52                    of Group 1.  This will enable and disable the
     53                    reception of the flash command.
     54          *********************************************************************/
     55          
     56          /*********************************************************************
     57           * INCLUDES
     58           */
     59          #include "OSAL.h"
     60          #include "ZGlobals.h"
     61          #include "AF.h"
     62          #include "aps_groups.h"
     63          #include "ZDApp.h"
     64          #include "ioCC2530.h"

   \                                 In  segment SFR_AN, at 0x8f
   \   unsigned char volatile __sfr P0INP
   \                     P0INP:
   \   000000                DS 1

   \                                 In  segment SFR_AN, at 0x90
   \   union <unnamed> volatile __sfr _A_P1
   \                     _A_P1:
   \   000000                DS 1

   \                                 In  segment SFR_AN, at 0xa0
   \   union <unnamed> volatile __sfr _A_P2
   \                     _A_P2:
   \   000000                DS 1

   \                                 In  segment SFR_AN, at 0xf3
   \   unsigned char volatile __sfr P0SEL
   \                     P0SEL:
   \   000000                DS 1

   \                                 In  segment SFR_AN, at 0xf5
   \   unsigned char volatile __sfr P2SEL
   \                     P2SEL:
   \   000000                DS 1

   \                                 In  segment SFR_AN, at 0xf6
   \   unsigned char volatile __sfr P1INP
   \                     P1INP:
   \   000000                DS 1

   \                                 In  segment SFR_AN, at 0xf7
   \   unsigned char volatile __sfr P2INP
   \                     P2INP:
   \   000000                DS 1

   \                                 In  segment SFR_AN, at 0xfd
   \   unsigned char volatile __sfr P0DIR
   \                     P0DIR:
   \   000000                DS 1

   \                                 In  segment SFR_AN, at 0xfe
   \   unsigned char volatile __sfr P1DIR
   \                     P1DIR:
   \   000000                DS 1

   \                                 In  segment SFR_AN, at 0xff
   \   unsigned char volatile __sfr P2DIR
   \                     P2DIR:
   \   000000                DS 1
     65          
     66          #include "SampleApp.h"
     67          #include "SampleAppHw.h"
     68          
     69          #include "OnBoard.h"
     70          
     71          /* HAL */
     72          #include "hal_lcd.h"
     73          #include "hal_led.h"
     74          #include "hal_key.h"
     75          
     76          #include  "MT_UART.h" //此处用于串口
     77          #include  "DHT11.h"   //温湿度专用
     78          
     79          //光敏电阻定义
     80          #define LIGHT P2_0    //光敏为P2.0口控制
     81          #define LED1  P1_0    //定义P1.0口为LED1控制端
     82          #define LED2  P1_1    //定义P1.1口为LED2控制端
     83          #define KEY1  P0_0    //KEY1为P0.0口控制
     84          
     85          
     86          //uint8 L=0;
     87          
     88          
     89          /*********************************************************************
     90           * MACROS
     91           */
     92          
     93          /*********************************************************************
     94           * CONSTANTS
     95           */
     96          
     97          /*********************************************************************
     98           * TYPEDEFS
     99           */
    100          
    101          /*********************************************************************
    102           * GLOBAL VARIABLES
    103           */
    104          
    105          // This list should be filled with Application specific Cluster IDs.

   \                                 In  segment XDATA_ROM_C, align 1
    106          const cId_t SampleApp_ClusterList[SAMPLEAPP_MAX_CLUSTERS] =
   \                     SampleApp_ClusterList:
   \   000000   0100         DW 1
   \   000002   0200         DW 2
   \   000004   0000         DW 0
    107          {
    108            SAMPLEAPP_PERIODIC_CLUSTERID,
    109            SAMPLEAPP_FLASH_CLUSTERID
    110          };
    111          

   \                                 In  segment XDATA_ROM_C, align 1
    112          const SimpleDescriptionFormat_t SampleApp_SimpleDesc =
   \                     SampleApp_SimpleDesc:
   \   000000   14           DB 20
   \   000001   080F         DW 3848
   \   000003   0100         DW 1
   \   000005   00           DB 0
   \   000006   03           DB 3
   \   000007   ....         DW SampleApp_ClusterList
   \   000009   03           DB 3
   \   00000A   ....         DW SampleApp_ClusterList
    113          {
    114            SAMPLEAPP_ENDPOINT,              //  int Endpoint;
    115            SAMPLEAPP_PROFID,                //  uint16 AppProfId[2];
    116            SAMPLEAPP_DEVICEID,              //  uint16 AppDeviceId[2];
    117            SAMPLEAPP_DEVICE_VERSION,        //  int   AppDevVer:4;
    118            SAMPLEAPP_FLAGS,                 //  int   AppFlags:4;
    119            SAMPLEAPP_MAX_CLUSTERS,          //  uint8  AppNumInClusters;
    120            (cId_t *)SampleApp_ClusterList,  //  uint8 *pAppInClusterList;
    121            SAMPLEAPP_MAX_CLUSTERS,          //  uint8  AppNumInClusters;
    122            (cId_t *)SampleApp_ClusterList   //  uint8 *pAppInClusterList;
    123          };
    124          
    125          // This is the Endpoint/Interface description.  It is defined here, but
    126          // filled-in in SampleApp_Init().  Another way to go would be to fill
    127          // in the structure here and make it a "const" (in code space).  The
    128          // way it's defined in this sample app it is define in RAM.

   \                                 In  segment XDATA_Z, align 1, keep-with-next
    129          endPointDesc_t SampleApp_epDesc;
   \                     SampleApp_epDesc:
   \   000000                DS 6
   \   000006                REQUIRE __INIT_XDATA_Z
    130          
    131          /*********************************************************************
    132           * EXTERNAL VARIABLES
    133           */
    134          
    135          /*********************************************************************
    136           * EXTERNAL FUNCTIONS
    137           */
    138          
    139          /*********************************************************************
    140           * LOCAL VARIABLES
    141           */

   \                                 In  segment XDATA_Z, align 1, keep-with-next
    142          uint8 SampleApp_TaskID;   // Task ID for internal task/event processing
   \                     SampleApp_TaskID:
   \   000000                DS 1
   \   000001                REQUIRE __INIT_XDATA_Z
    143                                    // This variable will be received when
    144                                    // SampleApp_Init() is called.

   \                                 In  segment XDATA_Z, align 1, keep-with-next
    145          devStates_t SampleApp_NwkState;
   \                     SampleApp_NwkState:
   \   000000                DS 1
   \   000001                REQUIRE __INIT_XDATA_Z
    146          

   \                                 In  segment XDATA_Z, align 1, keep-with-next
    147          uint8 SampleApp_TransID;  // This is the unique message ID (counter)
   \                     SampleApp_TransID:
   \   000000                DS 1
   \   000001                REQUIRE __INIT_XDATA_Z
    148          

   \                                 In  segment XDATA_Z, align 1, keep-with-next
    149          afAddrType_t SampleApp_Periodic_DstAddr;
   \                     SampleApp_Periodic_DstAddr:
   \   000000                DS 12
   \   00000C                REQUIRE __INIT_XDATA_Z

   \                                 In  segment XDATA_Z, align 1, keep-with-next
    150          afAddrType_t SampleApp_Flash_DstAddr;
   \                     SampleApp_Flash_DstAddr:
   \   000000                DS 12
   \   00000C                REQUIRE __INIT_XDATA_Z
    151          

   \                                 In  segment XDATA_Z, align 1, keep-with-next
    152          afAddrType_t Point_To_Point_DstAddr;//网蜂点对点通信定义
   \                     Point_To_Point_DstAddr:
   \   000000                DS 12
   \   00000C                REQUIRE __INIT_XDATA_Z
    153          

   \                                 In  segment XDATA_Z, align 1, keep-with-next
    154          aps_Group_t SampleApp_Group;
   \                     SampleApp_Group:
   \   000000                DS 18
   \   000012                REQUIRE __INIT_XDATA_Z
    155          

   \                                 In  segment XDATA_Z, align 1, keep-with-next
    156          uint8 SampleAppPeriodicCounter = 0;
   \                     SampleAppPeriodicCounter:
   \   000000                DS 1
   \   000001                REQUIRE __INIT_XDATA_Z

   \                                 In  segment XDATA_Z, align 1, keep-with-next
    157          uint8 SampleAppFlashCounter = 0;
   \                     SampleAppFlashCounter:
   \   000000                DS 1
   \   000001                REQUIRE __INIT_XDATA_Z
    158          
    159          /*********************************************************************
    160           * LOCAL FUNCTIONS
    161           */
    162          void SampleApp_HandleKeys( uint8 shift, uint8 keys );
    163          void SampleApp_MessageMSGCB( afIncomingMSGPacket_t *pckt );
    164          void SampleApp_SendPeriodicMessage( void );
    165          void SampleApp_SendFlashMessage( uint16 flashTime );
    166          void SampleApp_SendPointToPointMessage(void );
    167          
    168          /*********************************************************************
    169           * NETWORK LAYER CALLBACKS
    170           */
    171          
    172          /*********************************************************************
    173           * PUBLIC FUNCTIONS
    174           */
    175          
    176          /*********************************************************************
    177           * @fn      SampleApp_Init
    178           *
    179           * @brief   Initialization function for the Generic App Task.
    180           *          This is called during initialization and should contain
    181           *          any application specific initialization (ie. hardware
    182           *          initialization/setup, table initialization, power up
    183           *          notificaiton ... ).
    184           *
    185           * @param   task_id - the ID assigned by OSAL.  This ID should be
    186           *                    used to send messages and set timers.
    187           *
    188           * @return  none
    189           */

   \                                 In  segment BANKED_CODE, align 1, keep-with-next
    190          void SampleApp_Init( uint8 task_id )
   \                     SampleApp_Init:
    191          {
   \   000000   74F5         MOV     A,#-0xb
   \   000002   12....       LCALL   ?BANKED_ENTER_XDATA
   \   000005                ; Saved register size: 11
   \   000005                ; Auto size: 0
   \   000005   E9           MOV     A,R1
   \   000006   FE           MOV     R6,A
    192            SampleApp_TaskID = task_id;
   \   000007   90....       MOV     DPTR,#SampleApp_TaskID
   \   00000A   F0           MOVX    @DPTR,A
    193            SampleApp_NwkState = DEV_INIT;
   \   00000B   90....       MOV     DPTR,#SampleApp_NwkState
   \   00000E   7401         MOV     A,#0x1
   \   000010   F0           MOVX    @DPTR,A
    194            SampleApp_TransID = 0;
   \   000011   90....       MOV     DPTR,#SampleApp_TransID
   \   000014   E4           CLR     A
   \   000015   F0           MOVX    @DPTR,A
    195            
    196            MT_UartInit();//串口初始化
   \   000016                ; Setup parameters for call to function MT_UartInit
   \   000016   12....       LCALL   ??MT_UartInit?relay
    197            MT_UartRegisterTaskID(task_id);//登记任务号
   \   000019                ; Setup parameters for call to function MT_UartRegisterTaskID
   \   000019   EE           MOV     A,R6
   \   00001A   F9           MOV     R1,A
   \   00001B   12....       LCALL   ??MT_UartRegisterTaskID?relay
    198            //HalUARTWrite(0,"Hello World\n",12); //（串口0，'字符'，字符个数。）
    199            
    200            //温湿度传感器初始化 P0.6
    201            P0SEL &= 0xbf;
   \   00001E   53F3BF       ANL     0xf3,#0xbf
    202            
    203           /******光敏电阻电路初始化******/
    204           P2SEL &= ~0X01;    //设置P2.0为普通IO口  
   \   000021   53F5FE       ANL     0xf5,#0xfe
    205           P2DIR &= ~0X01;    // 在P2.0口，设置为输入模式
   \   000024   53FFFE       ANL     0xff,#0xfe
    206           P2INP &= ~0x01;    //打开P2.0上拉电阻
   \   000027   53F7FE       ANL     0xf7,#0xfe
    207           
    208           //LED1 and LED2初始化
    209           P1DIR |=0X03;       //P1.0定义为输出
   \   00002A   43FE03       ORL     0xfe,#0x3
    210           P1INP |=0X03;       //打开下拉
   \   00002D   43F603       ORL     0xf6,#0x3
    211          
    212           //KEY1初始化
    213           P0SEL &=~0X01;
   \   000030   53F3FE       ANL     0xf3,#0xfe
    214           P0DIR &=~0X01;
   \   000033   53FDFE       ANL     0xfd,#0xfe
    215           P0INP &=~0x01;
   \   000036   538FFE       ANL     0x8f,#0xfe
    216            // Device hardware initialization can be added here or in main() (Zmain.c).
    217            // If the hardware is application specific - add it here.
    218            // If the hardware is other parts of the device add it in main().
    219          
    220           #if defined ( BUILD_ALL_DEVICES )
    221            // The "Demo" target is setup to have BUILD_ALL_DEVICES and HOLD_AUTO_START
    222            // We are looking at a jumper (defined in SampleAppHw.c) to be jumpered
    223            // together - if they are - we will start up a coordinator. Otherwise,
    224            // the device will start as a router.
    225            if ( readCoordinatorJumper() )
    226              zgDeviceLogicalType = ZG_DEVICETYPE_COORDINATOR;
    227            else
    228              zgDeviceLogicalType = ZG_DEVICETYPE_ROUTER;
    229          #endif // BUILD_ALL_DEVICES
    230          
    231          #if defined ( HOLD_AUTO_START )
    232            // HOLD_AUTO_START is a compile option that will surpress ZDApp
    233            //  from starting the device and wait for the application to
    234            //  start the device.
    235            ZDOInitDevice(0);
    236          #endif
    237          
    238            // Setup for the periodic message's destination address
    239            // Broadcast to everyone
    240            SampleApp_Periodic_DstAddr.addrMode = (afAddrMode_t)AddrBroadcast;
   \   000039   90....       MOV     DPTR,#SampleApp_Periodic_DstAddr + 8
   \   00003C   740F         MOV     A,#0xf
   \   00003E   F0           MOVX    @DPTR,A
    241            SampleApp_Periodic_DstAddr.endPoint = SAMPLEAPP_ENDPOINT;
   \   00003F   A3           INC     DPTR
   \   000040   7414         MOV     A,#0x14
   \   000042   F0           MOVX    @DPTR,A
    242            SampleApp_Periodic_DstAddr.addr.shortAddr = 0xFFFF;
   \   000043   90....       MOV     DPTR,#SampleApp_Periodic_DstAddr
   \   000046   74FF         MOV     A,#-0x1
   \   000048   F0           MOVX    @DPTR,A
   \   000049   A3           INC     DPTR
   \   00004A   F0           MOVX    @DPTR,A
    243          
    244            // Setup for the flash command's destination address - Group 1
    245            SampleApp_Flash_DstAddr.addrMode = (afAddrMode_t)afAddrGroup;
   \   00004B   90....       MOV     DPTR,#SampleApp_Flash_DstAddr + 8
   \   00004E   7401         MOV     A,#0x1
   \   000050   F0           MOVX    @DPTR,A
    246            SampleApp_Flash_DstAddr.endPoint = SAMPLEAPP_ENDPOINT;
   \   000051   A3           INC     DPTR
   \   000052   7414         MOV     A,#0x14
   \   000054   F0           MOVX    @DPTR,A
    247            SampleApp_Flash_DstAddr.addr.shortAddr = SAMPLEAPP_FLASH_GROUP;
   \   000055   90....       MOV     DPTR,#SampleApp_Flash_DstAddr
   \   000058   7401         MOV     A,#0x1
   \   00005A   F0           MOVX    @DPTR,A
   \   00005B   A3           INC     DPTR
   \   00005C   E4           CLR     A
   \   00005D   F0           MOVX    @DPTR,A
    248            
    249            // 网蜂点对点通讯定义
    250              Point_To_Point_DstAddr.addrMode = (afAddrMode_t)Addr16Bit;//点播
   \   00005E   90....       MOV     DPTR,#Point_To_Point_DstAddr + 8
   \   000061   7402         MOV     A,#0x2
   \   000063   F0           MOVX    @DPTR,A
    251              Point_To_Point_DstAddr.endPoint = SAMPLEAPP_ENDPOINT;
   \   000064   A3           INC     DPTR
   \   000065   7414         MOV     A,#0x14
   \   000067   F0           MOVX    @DPTR,A
    252              Point_To_Point_DstAddr.addr.shortAddr = 0x0000; //发给协调器
   \   000068   90....       MOV     DPTR,#Point_To_Point_DstAddr
   \   00006B   E4           CLR     A
   \   00006C   F0           MOVX    @DPTR,A
   \   00006D   A3           INC     DPTR
   \   00006E   F0           MOVX    @DPTR,A
    253          
    254          
    255            // Fill out the endpoint description.
    256            SampleApp_epDesc.endPoint = SAMPLEAPP_ENDPOINT;
   \   00006F   90....       MOV     DPTR,#SampleApp_epDesc
   \   000072   7414         MOV     A,#0x14
   \   000074   F0           MOVX    @DPTR,A
    257            SampleApp_epDesc.task_id = &SampleApp_TaskID;
   \   000075   A3           INC     DPTR
   \   000076   74..         MOV     A,#SampleApp_TaskID & 0xff
   \   000078   F0           MOVX    @DPTR,A
   \   000079   A3           INC     DPTR
   \   00007A   74..         MOV     A,#(SampleApp_TaskID >> 8) & 0xff
   \   00007C   F0           MOVX    @DPTR,A
    258            SampleApp_epDesc.simpleDesc
    259                      = (SimpleDescriptionFormat_t *)&SampleApp_SimpleDesc;
   \   00007D   A3           INC     DPTR
   \   00007E   74..         MOV     A,#SampleApp_SimpleDesc & 0xff
   \   000080   F0           MOVX    @DPTR,A
   \   000081   A3           INC     DPTR
   \   000082   74..         MOV     A,#(SampleApp_SimpleDesc >> 8) & 0xff
   \   000084   F0           MOVX    @DPTR,A
    260            SampleApp_epDesc.latencyReq = noLatencyReqs;
   \   000085   A3           INC     DPTR
   \   000086   E4           CLR     A
   \   000087   F0           MOVX    @DPTR,A
    261          
    262            // Register the endpoint description with the AF
    263            afRegister( &SampleApp_epDesc );
   \   000088                ; Setup parameters for call to function afRegister
   \   000088   7A..         MOV     R2,#SampleApp_epDesc & 0xff
   \   00008A   7B..         MOV     R3,#(SampleApp_epDesc >> 8) & 0xff
   \   00008C   12....       LCALL   ??afRegister?relay
    264          
    265            // Register for all key events - This app will handle all key events
    266            RegisterForKeys( SampleApp_TaskID );
   \   00008F                ; Setup parameters for call to function RegisterForKeys
   \   00008F   90....       MOV     DPTR,#SampleApp_TaskID
   \   000092   E0           MOVX    A,@DPTR
   \   000093   F9           MOV     R1,A
   \   000094   12....       LCALL   ??RegisterForKeys?relay
    267          
    268            // By default, all devices start out in Group 1
    269            SampleApp_Group.ID = 0x0001;
   \   000097   90....       MOV     DPTR,#SampleApp_Group
   \   00009A   7401         MOV     A,#0x1
   \   00009C   F0           MOVX    @DPTR,A
   \   00009D   A3           INC     DPTR
   \   00009E   E4           CLR     A
   \   00009F   F0           MOVX    @DPTR,A
    270            osal_memcpy( SampleApp_Group.name, "Group 1", 7  );
   \   0000A0                ; Setup parameters for call to function osal_memcpy
   \   0000A0   75....       MOV     ?V0 + 0,#`?<Constant "Group 1">` & 0xff
   \   0000A3   75....       MOV     ?V0 + 1,#(`?<Constant "Group 1">` >> 8) & 0xff
   \   0000A6   F5..         MOV     ?V0 + 2,A
   \   0000A8   78..         MOV     R0,#?V0 + 0
   \   0000AA   12....       LCALL   ?PUSH_XSTACK_I_THREE
   \   0000AD   7C07         MOV     R4,#0x7
   \   0000AF   7D00         MOV     R5,#0x0
   \   0000B1   7A..         MOV     R2,#(SampleApp_Group + 2) & 0xff
   \   0000B3   7B..         MOV     R3,#((SampleApp_Group + 2) >> 8) & 0xff
   \   0000B5   12....       LCALL   ??osal_memcpy?relay
   \   0000B8   7403         MOV     A,#0x3
   \   0000BA   12....       LCALL   ?DEALLOC_XSTACK8
    271            aps_AddGroup( SAMPLEAPP_ENDPOINT, &SampleApp_Group );
   \   0000BD                ; Setup parameters for call to function aps_AddGroup
   \   0000BD   7A..         MOV     R2,#SampleApp_Group & 0xff
   \   0000BF   7B..         MOV     R3,#(SampleApp_Group >> 8) & 0xff
   \   0000C1   7914         MOV     R1,#0x14
   \   0000C3   12....       LCALL   ??aps_AddGroup?relay
    272          
    273          #if defined ( LCD_SUPPORTED )
    274            HalLcdWriteString( "SampleApp", HAL_LCD_LINE_1 );
   \   0000C6                ; Setup parameters for call to function HalLcdWriteString
   \   0000C6   7901         MOV     R1,#0x1
   \   0000C8   7A..         MOV     R2,#`?<Constant "SampleApp">` & 0xff
   \   0000CA   7B..         MOV     R3,#(`?<Constant "SampleApp">` >> 8) & 0xff
   \   0000CC   12....       LCALL   ??HalLcdWriteString?relay
    275          #endif
    276          }
   \   0000CF   7F03         MOV     R7,#0x3
   \   0000D1   02....       LJMP    ?BANKED_LEAVE_XDATA
   \   0000D4                REQUIRE P0SEL
   \   0000D4                REQUIRE P2SEL
   \   0000D4                REQUIRE P2DIR
   \   0000D4                REQUIRE P2INP
   \   0000D4                REQUIRE P1DIR
   \   0000D4                REQUIRE P1INP
   \   0000D4                REQUIRE P0DIR
   \   0000D4                REQUIRE P0INP
    277          
    278          /*********************************************************************
    279           * @fn      SampleApp_ProcessEvent
    280           *
    281           * @brief   Generic Application Task event processor.  This function
    282           *          is called to process all events for the task.  Events
    283           *          include timers, messages and any other user defined events.
    284           *
    285           * @param   task_id  - The OSAL assigned task ID.
    286           * @param   events - events to process.  This is a bit map and can
    287           *                   contain more than one event.
    288           *
    289           * @return  none
    290           */

   \                                 In  segment BANKED_CODE, align 1, keep-with-next
    291          uint16 SampleApp_ProcessEvent( uint8 task_id, uint16 events )
   \                     SampleApp_ProcessEvent:
    292          {
   \   000000   74F4         MOV     A,#-0xc
   \   000002   12....       LCALL   ?BANKED_ENTER_XDATA
   \   000005                ; Saved register size: 12
   \   000005                ; Auto size: 8
   \   000005   74F8         MOV     A,#-0x8
   \   000007   12....       LCALL   ?ALLOC_XSTACK8
   \   00000A   EA           MOV     A,R2
   \   00000B   FE           MOV     R6,A
   \   00000C   EB           MOV     A,R3
   \   00000D   FF           MOV     R7,A
    293               HalUARTWrite(0,"$",1);
   \   00000E                ; Setup parameters for call to function HalUARTWrite
   \   00000E   7C01         MOV     R4,#0x1
   \   000010   7D00         MOV     R5,#0x0
   \   000012   7A..         MOV     R2,#`?<Constant "$">` & 0xff
   \   000014   7B..         MOV     R3,#(`?<Constant "$">` >> 8) & 0xff
   \   000016   7900         MOV     R1,#0x0
   \   000018   12....       LCALL   ??HalUARTWrite?relay
    294              if(LIGHT==1)
   \   00001B   A2A0         MOV     C,0xa0.0
   \   00001D   500C         JNC     ??SampleApp_ProcessEvent_0
    295                     { 
    296                         LED1=1;
   \   00001F   D290         SETB    0x90.0
    297                         HalUARTWrite(0,"0",1);     //串口
   \   000021                ; Setup parameters for call to function HalUARTWrite
   \   000021   7C01         MOV     R4,#0x1
   \   000023   7D00         MOV     R5,#0x0
   \   000025   7A..         MOV     R2,#`?<Constant "0">` & 0xff
   \   000027   7B..         MOV     R3,#(`?<Constant "0">` >> 8) & 0xff
   \   000029   800A         SJMP    ??SampleApp_ProcessEvent_1
    298                      }
    299                  else 
    300                      {
    301                         LED1=0;
   \                     ??SampleApp_ProcessEvent_0:
   \   00002B   C290         CLR     0x90.0
    302                         HalUARTWrite(0,"1",1);       //串口
   \   00002D                ; Setup parameters for call to function HalUARTWrite
   \   00002D   7C01         MOV     R4,#0x1
   \   00002F   7D00         MOV     R5,#0x0
   \   000031   7A..         MOV     R2,#`?<Constant "1">` & 0xff
   \   000033   7B..         MOV     R3,#(`?<Constant "1">` >> 8) & 0xff
   \                     ??SampleApp_ProcessEvent_1:
   \   000035   7900         MOV     R1,#0x0
   \   000037   12....       LCALL   ??HalUARTWrite?relay
    303                      }
    304            afIncomingMSGPacket_t *MSGpkt;
    305            (void)task_id;  // Intentionally unreferenced parameter
    306          
    307            if ( events & SYS_EVENT_MSG )
   \   00003A   EF           MOV     A,R7
   \   00003B   5480         ANL     A,#0x80
   \   00003D   6075         JZ      ??SampleApp_ProcessEvent_2
    308            {
    309              MSGpkt = (afIncomingMSGPacket_t *)osal_msg_receive( SampleApp_TaskID );
   \   00003F                ; Setup parameters for call to function osal_msg_receive
   \   00003F   8026         SJMP    ??SampleApp_ProcessEvent_3
    310              while ( MSGpkt )
    311              {
    312                switch ( MSGpkt->hdr.event )
    313                {
    314                  // Received when a key is pressed
    315                  case KEY_CHANGE:
    316                    SampleApp_HandleKeys( ((keyChange_t *)MSGpkt)->state, ((keyChange_t *)MSGpkt)->keys );
    317                    break;
    318          
    319                  // Received when a messages is received (OTA) for this endpoint
    320                  case AF_INCOMING_MSG_CMD:
    321                    SampleApp_MessageMSGCB( MSGpkt );
    322                    break;
    323          
    324                  // Received whenever the device changes state in the network
    325                  case ZDO_STATE_CHANGE:
    326                    SampleApp_NwkState = (devStates_t)(MSGpkt->hdr.status);
   \                     ??SampleApp_ProcessEvent_4:
   \   000041   A3           INC     DPTR
   \   000042   E0           MOVX    A,@DPTR
   \   000043   90....       MOV     DPTR,#SampleApp_NwkState
   \   000046   F0           MOVX    @DPTR,A
    327                    if ( (//SampleApp_NwkState == DEV_ZB_COORD)|| //协调器不给自己点播
    328                         (SampleApp_NwkState == DEV_ROUTER)
    329                        || (SampleApp_NwkState == DEV_END_DEVICE) ))
   \   000047   6407         XRL     A,#0x7
   \   000049   6005         JZ      ??SampleApp_ProcessEvent_5
   \   00004B   E0           MOVX    A,@DPTR
   \   00004C   6406         XRL     A,#0x6
   \   00004E   7010         JNZ     ??SampleApp_ProcessEvent_6
    330                    {
    331                      // Start sending the periodic message in a regular interval.
    332                      osal_start_timerEx( SampleApp_TaskID,
    333                                        SAMPLEAPP_SEND_PERIODIC_MSG_EVT,
    334                                        SAMPLEAPP_SEND_PERIODIC_MSG_TIMEOUT );
   \                     ??SampleApp_ProcessEvent_5:
   \   000050                ; Setup parameters for call to function osal_start_timerEx
   \   000050   7CF4         MOV     R4,#-0xc
   \   000052   7D01         MOV     R5,#0x1
   \   000054   7A01         MOV     R2,#0x1
   \   000056   7B00         MOV     R3,#0x0
   \   000058   90....       MOV     DPTR,#SampleApp_TaskID
   \   00005B   E0           MOVX    A,@DPTR
   \   00005C   F9           MOV     R1,A
   \   00005D   12....       LCALL   ??osal_start_timerEx?relay
    335                    }
    336                    else
    337                    {
    338                      // Device is no longer in the network
    339                    }
    340                    break;
    341          
    342                  default:
    343                    break;
    344                }
    345          
    346                // Release the memory
    347                osal_msg_deallocate( (uint8 *)MSGpkt );
   \                     ??SampleApp_ProcessEvent_6:
   \   000060                ; Setup parameters for call to function osal_msg_deallocate
   \   000060   AA..         MOV     R2,?V0 + 0
   \   000062   AB..         MOV     R3,?V0 + 1
   \   000064   12....       LCALL   ??osal_msg_deallocate?relay
    348          
    349                // Next - if one is available
    350                MSGpkt = (afIncomingMSGPacket_t *)osal_msg_receive( SampleApp_TaskID );
   \   000067                ; Setup parameters for call to function osal_msg_receive
   \                     ??SampleApp_ProcessEvent_3:
   \   000067   90....       MOV     DPTR,#SampleApp_TaskID
   \   00006A   E0           MOVX    A,@DPTR
   \   00006B   F9           MOV     R1,A
   \   00006C   12....       LCALL   ??osal_msg_receive?relay
   \   00006F   8A..         MOV     ?V0 + 0,R2
   \   000071   8B..         MOV     ?V0 + 1,R3
   \   000073   E5..         MOV     A,?V0 + 0
   \   000075   45..         ORL     A,?V0 + 1
   \   000077   6032         JZ      ??SampleApp_ProcessEvent_7
   \   000079   85..82       MOV     DPL,?V0 + 0
   \   00007C   85..83       MOV     DPH,?V0 + 1
   \   00007F   E0           MOVX    A,@DPTR
   \   000080   24E6         ADD     A,#-0x1a
   \   000082   601E         JZ      ??SampleApp_ProcessEvent_8
   \   000084   245A         ADD     A,#0x5a
   \   000086   6006         JZ      ??SampleApp_ProcessEvent_9
   \   000088   24EF         ADD     A,#-0x11
   \   00008A   60B5         JZ      ??SampleApp_ProcessEvent_4
   \   00008C   80D2         SJMP    ??SampleApp_ProcessEvent_6
   \                     ??SampleApp_ProcessEvent_9:
   \   00008E                ; Setup parameters for call to function SampleApp_HandleKeys
   \   00008E   A3           INC     DPTR
   \   00008F   A3           INC     DPTR
   \   000090   A3           INC     DPTR
   \   000091   E0           MOVX    A,@DPTR
   \   000092   FA           MOV     R2,A
   \   000093   85..82       MOV     DPL,?V0 + 0
   \   000096   85..83       MOV     DPH,?V0 + 1
   \   000099   A3           INC     DPTR
   \   00009A   A3           INC     DPTR
   \   00009B   E0           MOVX    A,@DPTR
   \   00009C   F9           MOV     R1,A
   \   00009D   12....       LCALL   ??SampleApp_HandleKeys?relay
   \   0000A0   80BE         SJMP    ??SampleApp_ProcessEvent_6
   \                     ??SampleApp_ProcessEvent_8:
   \   0000A2                ; Setup parameters for call to function SampleApp_MessageMSGCB
   \   0000A2   AA..         MOV     R2,?V0 + 0
   \   0000A4   AB..         MOV     R3,?V0 + 1
   \   0000A6   12....       LCALL   ??SampleApp_MessageMSGCB?relay
   \   0000A9   80B5         SJMP    ??SampleApp_ProcessEvent_6
    351              }
    352          
    353              // return unprocessed events
    354              return (events ^ SYS_EVENT_MSG);
   \                     ??SampleApp_ProcessEvent_7:
   \   0000AB   EE           MOV     A,R6
   \   0000AC   FA           MOV     R2,A
   \   0000AD   EF           MOV     A,R7
   \   0000AE   6480         XRL     A,#0x80
   \                     ??SampleApp_ProcessEvent_10:
   \   0000B0   FB           MOV     R3,A
   \   0000B1   02....       LJMP    ??SampleApp_ProcessEvent_11 & 0xFFFF
    355            }
    356          
    357            // Send a message out - This event is generated by a timer
    358            //  (setup in SampleApp_Init()).
    359            if ( events & SAMPLEAPP_SEND_PERIODIC_MSG_EVT )
   \                     ??SampleApp_ProcessEvent_2:
   \   0000B4   EE           MOV     A,R6
   \   0000B5   A2E0         MOV     C,0xE0 /* A   */.0
   \   0000B7   4003         JC      $+5
   \   0000B9   02....       LJMP    ??SampleApp_ProcessEvent_12 & 0xFFFF
    360            {
    361              
    362              uint8 T[8];     //温度+提示符     
    363              DHT11();   //温度检测    
   \   0000BC                ; Setup parameters for call to function DHT11
   \   0000BC   12....       LCALL   ??DHT11?relay
    364              T[0]=wendu_shi+48;
   \   0000BF   90....       MOV     DPTR,#wendu_shi
   \   0000C2   E0           MOVX    A,@DPTR
   \   0000C3   2430         ADD     A,#0x30
   \   0000C5   85..82       MOV     DPL,?XSP + 0
   \   0000C8   85..83       MOV     DPH,?XSP + 1
   \   0000CB   F0           MOVX    @DPTR,A
    365              T[1]=wendu_ge+48;
   \   0000CC   90....       MOV     DPTR,#wendu_ge
   \   0000CF   E0           MOVX    A,@DPTR
   \   0000D0   2430         ADD     A,#0x30
   \   0000D2   C0E0         PUSH    A
   \   0000D4   7401         MOV     A,#0x1
   \   0000D6   12....       LCALL   ?XSTACK_DISP0_8
   \   0000D9   D0E0         POP     A
   \   0000DB   F0           MOVX    @DPTR,A
    366              T[2]=' ';
   \   0000DC   7402         MOV     A,#0x2
   \   0000DE   12....       LCALL   ?XSTACK_DISP0_8
   \   0000E1   7420         MOV     A,#0x20
   \   0000E3   F0           MOVX    @DPTR,A
    367              T[3]=shidu_shi+48;
   \   0000E4   90....       MOV     DPTR,#shidu_shi
   \   0000E7   E0           MOVX    A,@DPTR
   \   0000E8   2430         ADD     A,#0x30
   \   0000EA   C0E0         PUSH    A
   \   0000EC   7403         MOV     A,#0x3
   \   0000EE   12....       LCALL   ?XSTACK_DISP0_8
   \   0000F1   D0E0         POP     A
   \   0000F3   F0           MOVX    @DPTR,A
    368              T[4]=shidu_ge+48;
   \   0000F4   90....       MOV     DPTR,#shidu_ge
   \   0000F7   E0           MOVX    A,@DPTR
   \   0000F8   2430         ADD     A,#0x30
   \   0000FA   C0E0         PUSH    A
   \   0000FC   7404         MOV     A,#0x4
   \   0000FE   12....       LCALL   ?XSTACK_DISP0_8
   \   000101   D0E0         POP     A
   \   000103   F0           MOVX    @DPTR,A
    369              T[5]=' ';
   \   000104   7405         MOV     A,#0x5
   \   000106   12....       LCALL   ?XSTACK_DISP0_8
   \   000109   7420         MOV     A,#0x20
   \   00010B   F0           MOVX    @DPTR,A
    370              T[6]=' ';
   \   00010C   7406         MOV     A,#0x6
   \   00010E   12....       LCALL   ?XSTACK_DISP0_8
   \   000111   7420         MOV     A,#0x20
   \   000113   F0           MOVX    @DPTR,A
    371              T[7]=' ';  
   \   000114   7407         MOV     A,#0x7
   \   000116   12....       LCALL   ?XSTACK_DISP0_8
   \   000119   7420         MOV     A,#0x20
   \   00011B   F0           MOVX    @DPTR,A
    372            /*******串口打印 WEBEE*********/
    373              HalUARTWrite(0,"temp=",5);
   \   00011C                ; Setup parameters for call to function HalUARTWrite
   \   00011C   7C05         MOV     R4,#0x5
   \   00011E   7D00         MOV     R5,#0x0
   \   000120   7A..         MOV     R2,#`?<Constant "temp=">` & 0xff
   \   000122   7B..         MOV     R3,#(`?<Constant "temp=">` >> 8) & 0xff
   \   000124   12....       LCALL   ?Subroutine2 & 0xFFFF
    374              HalUARTWrite(0,T,2);
   \                     ??CrossCallReturnLabel_0:
   \   000127   85..82       MOV     DPL,?XSP + 0
   \   00012A   85..83       MOV     DPH,?XSP + 1
   \   00012D   AA82         MOV     R2,DPL
   \   00012F   AB83         MOV     R3,DPH
   \   000131   7900         MOV     R1,#0x0
   \   000133   12....       LCALL   ??HalUARTWrite?relay
    375              HalUARTWrite(0,"\n\r",2);    
   \   000136   75....       MOV     ?V0 + 0,#`?<Constant "\\n\\r">` & 0xff
   \   000139   75....       MOV     ?V0 + 1,#(`?<Constant "\\n\\r">` >> 8) & 0xff
   \   00013C                ; Setup parameters for call to function HalUARTWrite
   \   00013C   7C02         MOV     R4,#0x2
   \   00013E   7D00         MOV     R5,#0x0
   \   000140   AA..         MOV     R2,?V0 + 0
   \   000142   AB..         MOV     R3,?V0 + 1
   \   000144   7900         MOV     R1,#0x0
   \   000146   12....       LCALL   ??HalUARTWrite?relay
    376              HalUARTWrite(0,"humidity=",9);
   \   000149                ; Setup parameters for call to function HalUARTWrite
   \   000149   7C09         MOV     R4,#0x9
   \   00014B   7D00         MOV     R5,#0x0
   \   00014D   7A..         MOV     R2,#`?<Constant "humidity=">` & 0xff
   \   00014F   7B..         MOV     R3,#(`?<Constant "humidity=">` >> 8) & 0xff
   \   000151   12....       LCALL   ?Subroutine2 & 0xFFFF
    377              HalUARTWrite(0,T+3,2);
   \                     ??CrossCallReturnLabel_1:
   \   000154   7403         MOV     A,#0x3
   \   000156   12....       LCALL   ?XSTACK_DISP0_8
   \   000159   AA82         MOV     R2,DPL
   \   00015B   AB83         MOV     R3,DPH
   \   00015D   12....       LCALL   ?Subroutine2 & 0xFFFF
    378              HalUARTWrite(0,"\n\r",2);    
   \                     ??CrossCallReturnLabel_2:
   \   000160   AA..         MOV     R2,?V0 + 0
   \   000162   AB..         MOV     R3,?V0 + 1
   \   000164   7900         MOV     R1,#0x0
   \   000166   12....       LCALL   ??HalUARTWrite?relay
    379              /*******LCD显示  WEBEE*********/
    380              HalLcdWriteString("Temp: humidity:", HAL_LCD_LINE_3 );//LCD显示
   \   000169                ; Setup parameters for call to function HalLcdWriteString
   \   000169   7903         MOV     R1,#0x3
   \   00016B   7A..         MOV     R2,#`?<Constant "Temp: humidity:">` & 0xff
   \   00016D   7B..         MOV     R3,#(`?<Constant "Temp: humidity:">` >> 8) & 0xff
   \   00016F   12....       LCALL   ??HalLcdWriteString?relay
    381              HalLcdWriteString( T, HAL_LCD_LINE_4 );//LCD显示   
                                        ^
Warning[Pe167]: argument of type "unsigned char *" is incompatible with
          parameter of type "char *"
   \   000172                ; Setup parameters for call to function HalLcdWriteString
   \   000172   7904         MOV     R1,#0x4
   \   000174   85..82       MOV     DPL,?XSP + 0
   \   000177   85..83       MOV     DPH,?XSP + 1
   \   00017A   AA82         MOV     R2,DPL
   \   00017C   AB83         MOV     R3,DPH
   \   00017E   12....       LCALL   ??HalLcdWriteString?relay
    382          
    383               SampleApp_SendPointToPointMessage();//点播函数
   \   000181                ; Setup parameters for call to function SampleApp_SendPointToPointMessage
   \   000181   12....       LCALL   ??SampleApp_SendPointToPointMessage?relay
    384               
    385              // Setup to send message again in normal period (+ a little jitter)
    386              osal_start_timerEx( SampleApp_TaskID, SAMPLEAPP_SEND_PERIODIC_MSG_EVT,
    387                  (SAMPLEAPP_SEND_PERIODIC_MSG_TIMEOUT + (osal_rand() & 0x00FF)) );
   \   000184                ; Setup parameters for call to function osal_rand
   \   000184   12....       LCALL   ??osal_rand?relay
   \   000187                ; Setup parameters for call to function osal_start_timerEx
   \   000187   EA           MOV     A,R2
   \   000188   24F4         ADD     A,#-0xc
   \   00018A   FC           MOV     R4,A
   \   00018B   E4           CLR     A
   \   00018C   3401         ADDC    A,#0x1
   \   00018E   FD           MOV     R5,A
   \   00018F   7A01         MOV     R2,#0x1
   \   000191   7B00         MOV     R3,#0x0
   \   000193   90....       MOV     DPTR,#SampleApp_TaskID
   \   000196   E0           MOVX    A,@DPTR
   \   000197   F9           MOV     R1,A
   \   000198   12....       LCALL   ??osal_start_timerEx?relay
    388          
    389              // return unprocessed events
    390              return (events ^ SAMPLEAPP_SEND_PERIODIC_MSG_EVT);
   \   00019B   EE           MOV     A,R6
   \   00019C   6401         XRL     A,#0x1
   \   00019E   FA           MOV     R2,A
   \   00019F   EF           MOV     A,R7
   \   0001A0   02....       LJMP    ??SampleApp_ProcessEvent_10 & 0xFFFF
    391            }
    392          
    393            // Discard unknown events
    394            return 0;
   \                     ??SampleApp_ProcessEvent_12:
   \   0001A3   7A00         MOV     R2,#0x0
   \   0001A5   7B00         MOV     R3,#0x0
   \                     ??SampleApp_ProcessEvent_11:
   \   0001A7   7408         MOV     A,#0x8
   \   0001A9   12....       LCALL   ?DEALLOC_XSTACK8
   \   0001AC                REQUIRE ?Subroutine0
   \   0001AC                REQUIRE _A_P2
   \   0001AC                REQUIRE _A_P1
   \   0001AC                ; // Fall through to label ?Subroutine0
    395          }

   \                                 In  segment BANKED_CODE, align 1, keep-with-next
   \                     ?Subroutine0:
   \   000000   7F04         MOV     R7,#0x4
   \   000002   02....       LJMP    ?BANKED_LEAVE_XDATA

   \                                 In  segment BANKED_CODE, align 1, keep-with-next
   \                     ?Subroutine2:
   \   000000   7900         MOV     R1,#0x0
   \   000002   12....       LCALL   ??HalUARTWrite?relay
   \   000005                ; Setup parameters for call to function HalUARTWrite
   \   000005                ; Setup parameters for call to function HalUARTWrite
   \   000005                ; Setup parameters for call to function HalUARTWrite
   \   000005                ; Setup parameters for call to function HalUARTWrite
   \   000005   7C02         MOV     R4,#0x2
   \   000007   7D00         MOV     R5,#0x0
   \   000009   22           RET
    396          
    397          /*********************************************************************
    398           * Event Generation Functions
    399           */
    400          /*********************************************************************
    401           * @fn      SampleApp_HandleKeys
    402           *
    403           * @brief   Handles all key events for this device.
    404           *
    405           * @param   shift - true if in shift/alt.
    406           * @param   keys - bit field for key events. Valid entries:
    407           *                 HAL_KEY_SW_2
    408           *                 HAL_KEY_SW_1
    409           *
    410           * @return  none
    411           */

   \                                 In  segment BANKED_CODE, align 1, keep-with-next
    412          void SampleApp_HandleKeys( uint8 shift, uint8 keys )
   \                     SampleApp_HandleKeys:
    413          {
   \   000000   74F6         MOV     A,#-0xa
   \   000002   12....       LCALL   ?BANKED_ENTER_XDATA
   \   000005                ; Saved register size: 10
   \   000005                ; Auto size: 0
   \   000005   EA           MOV     A,R2
   \   000006   FE           MOV     R6,A
    414            (void)shift;  // Intentionally unreferenced parameter
    415            if ( keys & HAL_KEY_SW_1 )
   \   000007   A2E0         MOV     C,0xE0 /* A   */.0
   \   000009   5007         JNC     ??SampleApp_HandleKeys_0
    416            {
    417              /* This key sends the Flash Command is sent to Group 1.
    418               * This device will not receive the Flash Command from this
    419               * device (even if it belongs to group 1).
    420               */
    421           /*     if(LIGHT==0 && LED1==1)
    422                  L=1;
    423                else if(LIGHT==0 && LED1==0)
    424                  L=2;
    425                else
    426                  L=3;*/
    427              SampleApp_SendFlashMessage( SAMPLEAPP_FLASH_DURATION );
   \   00000B                ; Setup parameters for call to function SampleApp_SendFlashMessage
   \   00000B   7AE8         MOV     R2,#-0x18
   \   00000D   7B03         MOV     R3,#0x3
   \   00000F   12....       LCALL   ??SampleApp_SendFlashMessage?relay
    428            }
    429          
    430            if ( keys & HAL_KEY_SW_2 )
   \                     ??SampleApp_HandleKeys_0:
   \   000012   EE           MOV     A,R6
   \   000013   A2E1         MOV     C,0xE0 /* A   */.1
   \   000015   5024         JNC     ??SampleApp_HandleKeys_1
    431            {
    432              /* The Flashr Command is sent to Group 1.
    433               * This key toggles this device in and out of group 1.
    434               * If this device doesn't belong to group 1, this application
    435               * will not receive the Flash command sent to group 1.
    436               */
    437              aps_Group_t *grp;
    438              grp = aps_FindGroup( SAMPLEAPP_ENDPOINT, SAMPLEAPP_FLASH_GROUP );
    439              if ( grp )
   \   000017                ; Setup parameters for call to function aps_FindGroup
   \   000017   7A01         MOV     R2,#0x1
   \   000019   7B00         MOV     R3,#0x0
   \   00001B   7914         MOV     R1,#0x14
   \   00001D   12....       LCALL   ??aps_FindGroup?relay
   \   000020   8B..         MOV     ?V0 + 1,R3
   \   000022   EA           MOV     A,R2
   \   000023   45..         ORL     A,?V0 + 1
   \   000025   600B         JZ      ??SampleApp_HandleKeys_2
    440              {
    441                // Remove from the group
    442                aps_RemoveGroup( SAMPLEAPP_ENDPOINT, SAMPLEAPP_FLASH_GROUP );
   \   000027                ; Setup parameters for call to function aps_RemoveGroup
   \   000027   7A01         MOV     R2,#0x1
   \   000029   7B00         MOV     R3,#0x0
   \   00002B   7914         MOV     R1,#0x14
   \   00002D   12....       LCALL   ??aps_RemoveGroup?relay
   \   000030   8009         SJMP    ??SampleApp_HandleKeys_1
    443              }
    444              else
    445              {
    446                // Add to the flash group
    447                aps_AddGroup( SAMPLEAPP_ENDPOINT, &SampleApp_Group );
   \                     ??SampleApp_HandleKeys_2:
   \   000032                ; Setup parameters for call to function aps_AddGroup
   \   000032   7A..         MOV     R2,#SampleApp_Group & 0xff
   \   000034   7B..         MOV     R3,#(SampleApp_Group >> 8) & 0xff
   \   000036   7914         MOV     R1,#0x14
   \   000038   12....       LCALL   ??aps_AddGroup?relay
    448              }
    449            }
    450          }
   \                     ??SampleApp_HandleKeys_1:
   \   00003B   02....       LJMP    ??Subroutine4_0 & 0xFFFF

   \                                 In  segment BANKED_CODE, align 1, keep-with-next
   \                     ??Subroutine4_0:
   \   000000   7F02         MOV     R7,#0x2
   \   000002   02....       LJMP    ?BANKED_LEAVE_XDATA
    451          
    452          /*********************************************************************
    453           * LOCAL FUNCTIONS
    454           */
    455          
    456          /*********************************************************************
    457           * @fn      SampleApp_MessageMSGCB
    458           *
    459           * @brief   Data message processor callback.  This function processes
    460           *          any incoming data - probably from other devices.  So, based
    461           *          on cluster ID, perform the intended action.
    462           *
    463           * @param   none
    464           *
    465           * @return  none
    466           */

   \                                 In  segment BANKED_CODE, align 1, keep-with-next
    467          void SampleApp_MessageMSGCB( afIncomingMSGPacket_t *pkt )
   \                     SampleApp_MessageMSGCB:
    468          {
   \   000000   74F4         MOV     A,#-0xc
   \   000002   12....       LCALL   ?BANKED_ENTER_XDATA
   \   000005                ; Saved register size: 12
   \   000005                ; Auto size: 0
   \   000005   8A..         MOV     ?V0 + 0,R2
   \   000007   8B..         MOV     ?V0 + 1,R3
    469            uint16 flashTime;
    470            switch ( pkt->clusterId )
   \   000009   8A82         MOV     DPL,R2
   \   00000B   8B83         MOV     DPH,R3
   \   00000D   A3           INC     DPTR
   \   00000E   A3           INC     DPTR
   \   00000F   A3           INC     DPTR
   \   000010   A3           INC     DPTR
   \   000011   E0           MOVX    A,@DPTR
   \   000012   F5..         MOV     ?V0 + 2,A
   \   000014   A3           INC     DPTR
   \   000015   E0           MOVX    A,@DPTR
   \   000016   F5..         MOV     ?V0 + 3,A
   \   000018   78..         MOV     R0,#?V0 + 2
   \   00001A   12....       LCALL   ?US_SWITCH_DENSE
   \                     `?<Jumptable for SampleApp_MessageMSGCB>_0`:
   \   00001D   0200         DW        2
   \   00001F   01           DB        1
   \   000020   ....         DW        ??SampleApp_MessageMSGCB_0
   \   000022   ....         DW        ??SampleApp_MessageMSGCB_1
   \   000024   ....         DW        ??SampleApp_MessageMSGCB_2
    471            {
    472              case SAMPLEAPP_POINT_TO_POINT_CLUSTERID:
    473           /*       HalUARTWrite(0,"$",1);
    474              if(LIGHT==1)
    475                     { 
    476                         LED1=1;
    477                         HalUARTWrite(0,"0",1);     //串口
    478                      }
    479                  else 
    480                      {
    481                         LED1=0;
    482                         HalUARTWrite(0,"1",1);       //串口
    483                      }
    484                 /***********温度打印***************/
                        ^
Warning[Pe009]: nested comment is not allowed

    switch ( pkt->clusterId )
    ^
"C:\Documents and Settings\new\桌面\复件 下位机\协调器\Projects\zstack\Samples\SampleApp\Source\SampleApp.c",470  Warning[Pe546]: 
          transfer of control bypasses initialization of:
            variable "i" (declared at line 489 of "C:\Documents and
                      Settings\new\桌面\复件
                      下位机\协调器\Projects\zstack\Samples\SampleApp\Source\Sa
                      mpleApp.c")
            variable "j" (declared at line 490 of "C:\Documents and
                      Settings\new\桌面\复件
                      下位机\协调器\Projects\zstack\Samples\SampleApp\Source\Sa
                      mpleApp.c")
    485               HalUARTWrite(0,&pkt->cmd.Data[0],2); //温度
   \                     ??SampleApp_MessageMSGCB_2:
   \   000026   EA           MOV     A,R2
   \   000027   2422         ADD     A,#0x22
   \   000029   FE           MOV     R6,A
   \   00002A   EB           MOV     A,R3
   \   00002B   3400         ADDC    A,#0x0
   \   00002D   FF           MOV     R7,A
   \   00002E                ; Setup parameters for call to function HalUARTWrite
   \   00002E   7C02         MOV     R4,#0x2
   \   000030   7D00         MOV     R5,#0x0
   \   000032   8E82         MOV     DPL,R6
   \   000034   8F83         MOV     DPH,R7
   \   000036   E0           MOVX    A,@DPTR
   \   000037   FA           MOV     R2,A
   \   000038   A3           INC     DPTR
   \   000039   E0           MOVX    A,@DPTR
   \   00003A   FB           MOV     R3,A
   \   00003B   12....       LCALL   ?Subroutine2 & 0xFFFF
    486                 /***************湿度打印****************/
    487               HalUARTWrite(0,&pkt->cmd.Data[2],2);  //湿度
   \                     ??CrossCallReturnLabel_3:
   \   00003E   8E82         MOV     DPL,R6
   \   000040   8F83         MOV     DPH,R7
   \   000042   E0           MOVX    A,@DPTR
   \   000043   2402         ADD     A,#0x2
   \   000045   FA           MOV     R2,A
   \   000046   A3           INC     DPTR
   \   000047   E0           MOVX    A,@DPTR
   \   000048   3400         ADDC    A,#0x0
   \   00004A   FB           MOV     R3,A
   \   00004B   7900         MOV     R1,#0x0
   \   00004D   12....       LCALL   ??HalUARTWrite?relay
    488               HalUARTWrite(0,"#",1);
   \   000050                ; Setup parameters for call to function HalUARTWrite
   \   000050   7C01         MOV     R4,#0x1
   \   000052   7D00         MOV     R5,#0x0
   \   000054   7A..         MOV     R2,#`?<Constant "#">` & 0xff
   \   000056   7B..         MOV     R3,#(`?<Constant "#">` >> 8) & 0xff
   \   000058   7900         MOV     R1,#0x0
   \   00005A   12....       LCALL   ??HalUARTWrite?relay
    489               int i=pkt->cmd.Data[2]-'0';
    490               int j=pkt->cmd.Data[3]-'0';
    491               if(i>=7 && j>=0)
   \   00005D   8E82         MOV     DPL,R6
   \   00005F   8F83         MOV     DPH,R7
   \   000061   12....       LCALL   ?Subroutine3 & 0xFFFF
   \                     ??CrossCallReturnLabel_4:
   \   000064   E0           MOVX    A,@DPTR
   \   000065   24D0         ADD     A,#-0x30
   \   000067   F8           MOV     R0,A
   \   000068   E4           CLR     A
   \   000069   34FF         ADDC    A,#-0x1
   \   00006B   F9           MOV     R1,A
   \   00006C   C3           CLR     C
   \   00006D   E8           MOV     A,R0
   \   00006E   9407         SUBB    A,#0x7
   \   000070   E9           MOV     A,R1
   \   000071   9400         SUBB    A,#0x0
   \   000073   A2D2         MOV     C,0xD0 /* PSW */.2
   \   000075   65D0         XRL     A,PSW
   \   000077   33           RLC     A
   \   000078   4024         JC      ??SampleApp_MessageMSGCB_3
   \   00007A   E5..         MOV     A,?V0 + 0
   \   00007C   2422         ADD     A,#0x22
   \   00007E   F582         MOV     DPL,A
   \   000080   E5..         MOV     A,?V0 + 1
   \   000082   3400         ADDC    A,#0x0
   \   000084   F583         MOV     DPH,A
   \   000086   12....       LCALL   ?Subroutine3 & 0xFFFF
   \                     ??CrossCallReturnLabel_5:
   \   000089   A3           INC     DPTR
   \   00008A   E0           MOVX    A,@DPTR
   \   00008B   24D0         ADD     A,#-0x30
   \   00008D   E4           CLR     A
   \   00008E   34FF         ADDC    A,#-0x1
   \   000090   C3           CLR     C
   \   000091   9400         SUBB    A,#0x0
   \   000093   A2D2         MOV     C,0xD0 /* PSW */.2
   \   000095   65D0         XRL     A,PSW
   \   000097   33           RLC     A
   \   000098   4004         JC      ??SampleApp_MessageMSGCB_3
    492                         LED2=1;
   \   00009A   D291         SETB    0x90.1
   \   00009C   8041         SJMP    ??SampleApp_MessageMSGCB_0
    493                  else 
    494                         LED2=0;
   \                     ??SampleApp_MessageMSGCB_3:
   \   00009E   C291         CLR     0x90.1
   \   0000A0   803D         SJMP    ??SampleApp_MessageMSGCB_0
    495          
    496          /*     
    497               switch(L)
    498               {
    499                 case 0:
    500                 if(LIGHT==1)
    501                     { 
    502                         LED1=0;
    503                         HalUARTWrite(0,"Good\n",5);     //串口
    504                         L=0;
    505                      }
    506                  else 
    507                      {
    508                         LED1=1;
    509                         HalUARTWrite(0,"Warnimg\n",8);       //串口
    510                      }
    511                      break;
    512                  case 1:
    513                    LED1=0;
    514                    HalUARTWrite(0,"Warnimg\n",8);       //串口
    515                    break;
    516                  case 2:
    517                     HalUARTWrite(0,"Warnimg\n",8);       //串口
    518                      break;
    519                  case 3:
    520                     LED1=0;
    521                     HalUARTWrite(0,"Good\n",5);     //串口
    522                     L=0;
    523                    break;
    524                  }*/
    525                  break;
    526          
    527              case SAMPLEAPP_FLASH_CLUSTERID:
    528                flashTime = BUILD_UINT16(pkt->cmd.Data[1], pkt->cmd.Data[2] );
    529                HalLedBlink( HAL_LED_4, 4, 50, (flashTime / 4) );
   \                     ??SampleApp_MessageMSGCB_1:
   \   0000A2   EA           MOV     A,R2
   \   0000A3   2422         ADD     A,#0x22
   \   0000A5   FE           MOV     R6,A
   \   0000A6   EB           MOV     A,R3
   \   0000A7   3400         ADDC    A,#0x0
   \   0000A9   FF           MOV     R7,A
   \   0000AA   8E82         MOV     DPL,R6
   \   0000AC   8F83         MOV     DPH,R7
   \   0000AE   E0           MOVX    A,@DPTR
   \   0000AF   F8           MOV     R0,A
   \   0000B0   A3           INC     DPTR
   \   0000B1   E0           MOVX    A,@DPTR
   \   0000B2   F9           MOV     R1,A
   \   0000B3                ; Setup parameters for call to function HalLedBlink
   \   0000B3   8882         MOV     DPL,R0
   \   0000B5   8983         MOV     DPH,R1
   \   0000B7   A3           INC     DPTR
   \   0000B8   E0           MOVX    A,@DPTR
   \   0000B9   FA           MOV     R2,A
   \   0000BA   8882         MOV     DPL,R0
   \   0000BC   8983         MOV     DPH,R1
   \   0000BE   A3           INC     DPTR
   \   0000BF   A3           INC     DPTR
   \   0000C0   E0           MOVX    A,@DPTR
   \   0000C1   F9           MOV     R1,A
   \   0000C2   EA           MOV     A,R2
   \   0000C3   2400         ADD     A,#0x0
   \   0000C5   F5..         MOV     ?V0 + 0,A
   \   0000C7   E4           CLR     A
   \   0000C8   39           ADDC    A,R1
   \   0000C9   F5..         MOV     ?V0 + 1,A
   \   0000CB   7402         MOV     A,#0x2
   \   0000CD   78..         MOV     R0,#?V0 + 0
   \   0000CF   12....       LCALL   ?US_SHR
   \   0000D2   AC..         MOV     R4,?V0 + 0
   \   0000D4   AD..         MOV     R5,?V0 + 1
   \   0000D6   7B32         MOV     R3,#0x32
   \   0000D8   7A04         MOV     R2,#0x4
   \   0000DA   7908         MOV     R1,#0x8
   \   0000DC   12....       LCALL   ??HalLedBlink?relay
    530                break;
    531            }
    532          }
   \                     ??SampleApp_MessageMSGCB_0:
   \   0000DF   02....       LJMP    ?Subroutine0 & 0xFFFF
   \   0000E2                REQUIRE _A_P1

   \                                 In  segment BANKED_CODE, align 1, keep-with-next
   \                     ?Subroutine3:
   \   000000   E0           MOVX    A,@DPTR
   \   000001   F8           MOV     R0,A
   \   000002   A3           INC     DPTR
   \   000003   E0           MOVX    A,@DPTR
   \   000004   F583         MOV     DPH,A
   \   000006   8882         MOV     DPL,R0
   \   000008   A3           INC     DPTR
   \   000009   A3           INC     DPTR
   \   00000A   22           RET
    533          
    534          /*********************************************************************
    535           * @fn      SampleApp_SendPeriodicMessage
    536           *
    537           * @brief   Send the periodic message.
    538           *
    539           * @param   none
    540           *
    541           * @return  none
    542           */

   \                                 In  segment BANKED_CODE, align 1, keep-with-next
    543          void SampleApp_SendPeriodicMessage( void )
   \                     SampleApp_SendPeriodicMessage:
    544          {
   \   000000   74F6         MOV     A,#-0xa
   \   000002   12....       LCALL   ?BANKED_ENTER_XDATA
   \   000005                ; Saved register size: 10
   \   000005                ; Auto size: 10
   \   000005   74F6         MOV     A,#-0xa
   \   000007   12....       LCALL   ?ALLOC_XSTACK8
    545            uint8 data[10]={'0','1','2','3','4','5','6','7','8','9'};//自定义数据
   \   00000A   85..82       MOV     DPL,?XSP + 0
   \   00000D   85..83       MOV     DPH,?XSP + 1
   \   000010   AC82         MOV     R4,DPL
   \   000012   AD83         MOV     R5,DPH
   \   000014   7583..       MOV     DPH,#(`?<Constant {48, 49, 50, 51, 52, 53, 54, 55, 56` >> 8) & 0xff
   \   000017   7582..       MOV     DPL,#`?<Constant {48, 49, 50, 51, 52, 53, 54, 55, 56` & 0xff
   \   00001A   740A         MOV     A,#0xa
   \   00001C   12....       LCALL   ?MOVE_LONG8_XDATA_XDATA
    546            if ( AF_DataRequest( &SampleApp_Periodic_DstAddr, &SampleApp_epDesc,
    547                                 SAMPLEAPP_PERIODIC_CLUSTERID,
    548                                 10,//字节数
    549                                 data,//指针头
    550                                 &SampleApp_TransID,
    551                                 AF_DISCV_ROUTE,
    552                                 AF_DEFAULT_RADIUS ) == afStatus_SUCCESS )
   \   00001F                ; Setup parameters for call to function AF_DataRequest
   \   00001F   75..1E       MOV     ?V0 + 0,#0x1e
   \   000022   78..         MOV     R0,#?V0 + 0
   \   000024   12....       LCALL   ?PUSH_XSTACK_I_ONE
   \   000027   75....       MOV     ?V0 + 0,#SampleApp_TransID & 0xff
   \   00002A   75....       MOV     ?V0 + 1,#(SampleApp_TransID >> 8) & 0xff
   \   00002D   78..         MOV     R0,#?V0 + 0
   \   00002F   12....       LCALL   ?PUSH_XSTACK_I_TWO
   \   000032   7403         MOV     A,#0x3
   \   000034   12....       LCALL   ?XSTACK_DISP0_8
   \   000037   8582..       MOV     ?V0 + 0,DPL
   \   00003A   8583..       MOV     ?V0 + 1,DPH
   \   00003D   78..         MOV     R0,#?V0 + 0
   \   00003F   12....       LCALL   ?PUSH_XSTACK_I_TWO
   \   000042   75..0A       MOV     ?V0 + 0,#0xa
   \   000045   75..00       MOV     ?V0 + 1,#0x0
   \   000048   78..         MOV     R0,#?V0 + 0
   \   00004A   12....       LCALL   ?PUSH_XSTACK_I_TWO
   \   00004D   75..01       MOV     ?V0 + 0,#0x1
   \   000050   78..         MOV     R0,#?V0 + 0
   \   000052   12....       LCALL   ?PUSH_XSTACK_I_TWO
   \   000055   7920         MOV     R1,#0x20
   \   000057   7C..         MOV     R4,#SampleApp_epDesc & 0xff
   \   000059   7D..         MOV     R5,#(SampleApp_epDesc >> 8) & 0xff
   \   00005B   7A..         MOV     R2,#SampleApp_Periodic_DstAddr & 0xff
   \   00005D   7B..         MOV     R3,#(SampleApp_Periodic_DstAddr >> 8) & 0xff
   \   00005F   12....       LCALL   ??AF_DataRequest?relay
   \   000062   7409         MOV     A,#0x9
   \   000064   12....       LCALL   ?DEALLOC_XSTACK8
    553            {
    554            }
    555            else
    556            {
    557              // Error occurred in request to send.
    558            }
    559          }
   \   000067   740A         MOV     A,#0xa
   \   000069                REQUIRE ?Subroutine1
   \   000069                ; // Fall through to label ?Subroutine1

   \                                 In  segment BANKED_CODE, align 1, keep-with-next
   \                     ?Subroutine1:
   \   000000   12....       LCALL   ?DEALLOC_XSTACK8
   \   000003                REQUIRE ??Subroutine4_0
   \   000003                ; // Fall through to label ??Subroutine4_0
    560          
    561          /*********************************************************************
    562           * @fn      SampleApp_SendFlashMessage
    563           *
    564           * @brief   Send the flash message to group 1.
    565           *
    566           * @param   flashTime - in milliseconds
    567           *
    568           * @return  none
    569           */

   \                                 In  segment BANKED_CODE, align 1, keep-with-next
    570          void SampleApp_SendFlashMessage( uint16 flashTime )
   \                     SampleApp_SendFlashMessage:
    571          {
   \   000000   74F6         MOV     A,#-0xa
   \   000002   12....       LCALL   ?BANKED_ENTER_XDATA
   \   000005                ; Saved register size: 10
   \   000005                ; Auto size: 3
   \   000005   74FD         MOV     A,#-0x3
   \   000007   12....       LCALL   ?ALLOC_XSTACK8
    572            uint8 buffer[3];
    573            buffer[0] = (uint8)(SampleAppFlashCounter++);
   \   00000A   90....       MOV     DPTR,#SampleAppFlashCounter
   \   00000D   E0           MOVX    A,@DPTR
   \   00000E   85..82       MOV     DPL,?XSP + 0
   \   000011   85..83       MOV     DPH,?XSP + 1
   \   000014   F0           MOVX    @DPTR,A
   \   000015   90....       MOV     DPTR,#SampleAppFlashCounter
   \   000018   E0           MOVX    A,@DPTR
   \   000019   04           INC     A
   \   00001A   F0           MOVX    @DPTR,A
    574            buffer[1] = LO_UINT16( flashTime );
   \   00001B   7401         MOV     A,#0x1
   \   00001D   12....       LCALL   ?XSTACK_DISP0_8
   \   000020   EA           MOV     A,R2
   \   000021   F0           MOVX    @DPTR,A
    575            buffer[2] = HI_UINT16( flashTime );
   \   000022   7402         MOV     A,#0x2
   \   000024   12....       LCALL   ?XSTACK_DISP0_8
   \   000027   EB           MOV     A,R3
   \   000028   F0           MOVX    @DPTR,A
    576          
    577            if ( AF_DataRequest( &SampleApp_Flash_DstAddr, &SampleApp_epDesc,
    578                                 SAMPLEAPP_FLASH_CLUSTERID,
    579                                 3,
    580                                 buffer,
    581                                 &SampleApp_TransID,
    582                                 AF_DISCV_ROUTE,
    583                                 AF_DEFAULT_RADIUS ) == afStatus_SUCCESS )
   \   000029                ; Setup parameters for call to function AF_DataRequest
   \   000029   75..1E       MOV     ?V0 + 0,#0x1e
   \   00002C   78..         MOV     R0,#?V0 + 0
   \   00002E   12....       LCALL   ?PUSH_XSTACK_I_ONE
   \   000031   75....       MOV     ?V0 + 0,#SampleApp_TransID & 0xff
   \   000034   75....       MOV     ?V0 + 1,#(SampleApp_TransID >> 8) & 0xff
   \   000037   78..         MOV     R0,#?V0 + 0
   \   000039   12....       LCALL   ?PUSH_XSTACK_I_TWO
   \   00003C   7403         MOV     A,#0x3
   \   00003E   12....       LCALL   ?XSTACK_DISP0_8
   \   000041   8582..       MOV     ?V0 + 0,DPL
   \   000044   8583..       MOV     ?V0 + 1,DPH
   \   000047   78..         MOV     R0,#?V0 + 0
   \   000049   12....       LCALL   ?PUSH_XSTACK_I_TWO
   \   00004C   75..03       MOV     ?V0 + 0,#0x3
   \   00004F   75..00       MOV     ?V0 + 1,#0x0
   \   000052   78..         MOV     R0,#?V0 + 0
   \   000054   12....       LCALL   ?PUSH_XSTACK_I_TWO
   \   000057   75..02       MOV     ?V0 + 0,#0x2
   \   00005A   78..         MOV     R0,#?V0 + 0
   \   00005C   12....       LCALL   ?PUSH_XSTACK_I_TWO
   \   00005F   7920         MOV     R1,#0x20
   \   000061   7C..         MOV     R4,#SampleApp_epDesc & 0xff
   \   000063   7D..         MOV     R5,#(SampleApp_epDesc >> 8) & 0xff
   \   000065   7A..         MOV     R2,#SampleApp_Flash_DstAddr & 0xff
   \   000067   7B..         MOV     R3,#(SampleApp_Flash_DstAddr >> 8) & 0xff
   \   000069   12....       LCALL   ??AF_DataRequest?relay
   \   00006C   7409         MOV     A,#0x9
   \   00006E   12....       LCALL   ?DEALLOC_XSTACK8
    584            {
    585            }
    586            else
    587            {
    588              // Error occurred in request to send.
    589            }
    590          }
   \   000071   7403         MOV     A,#0x3
   \   000073   80..         SJMP    ?Subroutine1
    591          
    592          /*********************************************************************
    593          *********************************************************************/

   \                                 In  segment BANKED_CODE, align 1, keep-with-next
    594          void SampleApp_SendPointToPointMessage( void )
   \                     SampleApp_SendPointToPointMessage:
    595          {
   \   000000   C082         PUSH    DPL
   \   000002   C083         PUSH    DPH
   \   000004                ; Saved register size: 2
   \   000004                ; Auto size: 0
    596            if(LIGHT==1)
   \   000004   A2A0         MOV     C,0xa0.0
   \   000006   500A         JNC     ??SampleApp_SendPointToPointMessage_0
    597            { 
    598              HalUARTWrite(0,"no light\n",9);     //串口
   \   000008                ; Setup parameters for call to function HalUARTWrite
   \   000008   7C09         MOV     R4,#0x9
   \   00000A   7D00         MOV     R5,#0x0
   \   00000C   7A..         MOV     R2,#`?<Constant "no light\\n">` & 0xff
   \   00000E   7B..         MOV     R3,#(`?<Constant "no light\\n">` >> 8) & 0xff
   \   000010   8008         SJMP    ??SampleApp_SendPointToPointMessage_1
    599            }  
    600            else 
    601            {
    602              HalUARTWrite(0,"got Light\n",10);       //串口  
   \                     ??SampleApp_SendPointToPointMessage_0:
   \   000012                ; Setup parameters for call to function HalUARTWrite
   \   000012   7C0A         MOV     R4,#0xa
   \   000014   7D00         MOV     R5,#0x0
   \   000016   7A..         MOV     R2,#`?<Constant "got Light\\n">` & 0xff
   \   000018   7B..         MOV     R3,#(`?<Constant "got Light\\n">` >> 8) & 0xff
   \                     ??SampleApp_SendPointToPointMessage_1:
   \   00001A   7900         MOV     R1,#0x0
   \   00001C   12....       LCALL   ??HalUARTWrite?relay
    603            }
    604          }
   \   00001F   D083         POP     DPH
   \   000021   D082         POP     DPL
   \   000023   02....       LJMP    ?BRET
   \   000026                REQUIRE _A_P2

   \                                 In  segment BANK_RELAYS, align 1
   \                     ??SampleApp_Init?relay:
   \   000000   12....       LCALL   ?BDISPATCH
   \   000003   ......       DC24    SampleApp_Init

   \                                 In  segment BANK_RELAYS, align 1
   \                     ??SampleApp_ProcessEvent?relay:
   \   000000   12....       LCALL   ?BDISPATCH
   \   000003   ......       DC24    SampleApp_ProcessEvent

   \                                 In  segment BANK_RELAYS, align 1
   \                     ??SampleApp_HandleKeys?relay:
   \   000000   12....       LCALL   ?BDISPATCH
   \   000003   ......       DC24    SampleApp_HandleKeys

   \                                 In  segment BANK_RELAYS, align 1
   \                     ??SampleApp_MessageMSGCB?relay:
   \   000000   12....       LCALL   ?BDISPATCH
   \   000003   ......       DC24    SampleApp_MessageMSGCB

   \                                 In  segment BANK_RELAYS, align 1
   \                     ??SampleApp_SendPeriodicMessage?relay:
   \   000000   12....       LCALL   ?BDISPATCH
   \   000003   ......       DC24    SampleApp_SendPeriodicMessage

   \                                 In  segment BANK_RELAYS, align 1
   \                     ??SampleApp_SendFlashMessage?relay:
   \   000000   12....       LCALL   ?BDISPATCH
   \   000003   ......       DC24    SampleApp_SendFlashMessage

   \                                 In  segment BANK_RELAYS, align 1
   \                     ??SampleApp_SendPointToPointMessage?relay:
   \   000000   12....       LCALL   ?BDISPATCH
   \   000003   ......       DC24    SampleApp_SendPointToPointMessage

   \                                 In  segment XDATA_ROM_C, align 1
   \                     `?<Constant "Group 1">`:
   \   000000   47726F75     DB "Group 1"
   \            70203100

   \                                 In  segment XDATA_ROM_C, align 1
   \                     `?<Constant "SampleApp">`:
   \   000000   53616D70     DB "SampleApp"
   \            6C654170
   \            7000    

   \                                 In  segment XDATA_ROM_C, align 1
   \                     `?<Constant "$">`:
   \   000000   2400         DB "$"

   \                                 In  segment XDATA_ROM_C, align 1
   \                     `?<Constant "0">`:
   \   000000   3000         DB "0"

   \                                 In  segment XDATA_ROM_C, align 1
   \                     `?<Constant "1">`:
   \   000000   3100         DB "1"

   \                                 In  segment XDATA_ROM_C, align 1
   \                     `?<Constant "temp=">`:
   \   000000   74656D70     DB "temp="
   \            3D00    

   \                                 In  segment XDATA_ROM_C, align 1
   \                     `?<Constant "\\n\\r">`:
   \   000000   0A0D00       DB "\012\015"

   \                                 In  segment XDATA_ROM_C, align 1
   \                     `?<Constant "humidity=">`:
   \   000000   68756D69     DB "humidity="
   \            64697479
   \            3D00    

   \                                 In  segment XDATA_ROM_C, align 1
   \                     `?<Constant "Temp: humidity:">`:
   \   000000   54656D70     DB "Temp: humidity:"
   \            3A206875
   \            6D696469
   \            74793A00

   \                                 In  segment XDATA_ROM_C, align 1
   \                     `?<Constant "#">`:
   \   000000   2300         DB "#"

   \                                 In  segment XDATA_ROM_C, align 1
   \                     `?<Constant {48, 49, 50, 51, 52, 53, 54, 55, 56`:
   \   000000   30           DB 48
   \   000001   31           DB 49
   \   000002   32           DB 50
   \   000003   33           DB 51
   \   000004   34           DB 52
   \   000005   35           DB 53
   \   000006   36           DB 54
   \   000007   37           DB 55
   \   000008   38           DB 56
   \   000009   39           DB 57

   \                                 In  segment XDATA_ROM_C, align 1
   \                     `?<Constant "no light\\n">`:
   \   000000   6E6F206C     DB "no light\012"
   \            69676874
   \            0A00    

   \                                 In  segment XDATA_ROM_C, align 1
   \                     `?<Constant "got Light\\n">`:
   \   000000   676F7420     DB "got Light\012"
   \            4C696768
   \            740A00  

   Maximum stack usage in bytes:

     Function                       ISTACK PSTACK XSTACK
     --------                       ------ ------ ------
     SampleApp_HandleKeys               0      0     30
       -> SampleApp_SendFlashMessage
                                        0      0     20
       -> aps_FindGroup                 0      0     20
       -> aps_RemoveGroup               0      0     20
       -> aps_AddGroup                  0      0     20
     SampleApp_Init                     0      0     14
       -> MT_UartInit                   0      0     22
       -> MT_UartRegisterTaskID         0      0     22
       -> afRegister                    0      0     22
       -> RegisterForKeys               0      0     22
       -> osal_memcpy                   0      0     28
       -> aps_AddGroup                  0      0     22
       -> HalLcdWriteString             0      0     22
     SampleApp_MessageMSGCB             0      0     32
       -> HalUARTWrite                  0      0     24
       -> HalUARTWrite                  0      0     24
       -> HalUARTWrite                  0      0     24
       -> HalLedBlink                   0      0     24
     SampleApp_ProcessEvent             1      0     20
       -> HalUARTWrite                  0      0     40
       -> HalUARTWrite                  0      0     40
       -> HalUARTWrite                  0      0     40
       -> osal_msg_receive              0      0     40
       -> osal_start_timerEx            0      0     40
       -> osal_msg_deallocate           0      0     40
       -> osal_msg_receive              0      0     40
       -> SampleApp_HandleKeys          0      0     40
       -> SampleApp_MessageMSGCB        0      0     40
       -> DHT11                         0      0     40
       -> HalUARTWrite                  0      0     40
       -> HalUARTWrite                  0      0     40
       -> HalUARTWrite                  0      0     40
       -> HalUARTWrite                  0      0     40
       -> HalUARTWrite                  0      0     40
       -> HalUARTWrite                  0      0     40
       -> HalLcdWriteString             0      0     40
       -> HalLcdWriteString             0      0     40
       -> SampleApp_SendPointToPointMessage
                                        0      0     40
       -> osal_rand                     0      0     40
       -> osal_start_timerEx            0      0     40
     SampleApp_SendFlashMessage         1      0     32
       -> AF_DataRequest                0      0     44
     SampleApp_SendPeriodicMessage      2      0     29
       -> AF_DataRequest                0      0     58
     SampleApp_SendPointToPointMessage
                                        2      0     20
       -> HalUARTWrite                  4      0      0
       -> HalUARTWrite                  4      0      0


   Segment part sizes:

     Function/Label                                 Bytes
     --------------                                 -----
     P0INP                                             1
     _A_P1                                             1
     _A_P2                                             1
     P0SEL                                             1
     P2SEL                                             1
     P1INP                                             1
     P2INP                                             1
     P0DIR                                             1
     P1DIR                                             1
     P2DIR                                             1
     SampleApp_ClusterList                             6
     SampleApp_SimpleDesc                             12
     SampleApp_epDesc                                  6
     SampleApp_TaskID                                  1
     SampleApp_NwkState                                1
     SampleApp_TransID                                 1
     SampleApp_Periodic_DstAddr                       12
     SampleApp_Flash_DstAddr                          12
     Point_To_Point_DstAddr                           12
     SampleApp_Group                                  18
     SampleAppPeriodicCounter                          1
     SampleAppFlashCounter                             1
     SampleApp_Init                                  212
     SampleApp_ProcessEvent                          428
     ?Subroutine0                                      5
     ?Subroutine2                                     10
     SampleApp_HandleKeys                             62
     ??Subroutine4_0                                   5
     SampleApp_MessageMSGCB                          226
     ?Subroutine3                                     11
     SampleApp_SendPeriodicMessage                   105
     ?Subroutine1                                      3
     SampleApp_SendFlashMessage                      117
     SampleApp_SendPointToPointMessage
                                                      38
     ??SampleApp_Init?relay                            6
     ??SampleApp_ProcessEvent?relay                    6
     ??SampleApp_HandleKeys?relay                      6
     ??SampleApp_MessageMSGCB?relay                    6
     ??SampleApp_SendPeriodicMessage?relay             6
     ??SampleApp_SendFlashMessage?relay                6
     ??SampleApp_SendPointToPointMessage?relay         6
     ?<Constant "Group 1">                             8
     ?<Constant "SampleApp">                          10
     ?<Constant "$">                                   2
     ?<Constant "0">                                   2
     ?<Constant "1">                                   2
     ?<Constant "temp=">                               6
     ?<Constant "\n\r">                                3
     ?<Constant "humidity=">                          10
     ?<Constant "Temp: humidity:">                    16
     ?<Constant "#">                                   2
     ?<Constant {48, 49, 50, 51, 52, 53, 54, 55, 56   10
     ?<Constant "no light\n">                         10
     ?<Constant "got Light\n">                        11

 
 1 222 bytes in segment BANKED_CODE
    42 bytes in segment BANK_RELAYS
    10 bytes in segment SFR_AN
   110 bytes in segment XDATA_ROM_C
    65 bytes in segment XDATA_Z
 
 1 264 bytes of CODE  memory
   110 bytes of CONST memory
     0 bytes of DATA  memory (+ 10 bytes shared)
    65 bytes of XDATA memory

Errors: none
Warnings: 3
